<?xml version="1.0" encoding="UTF-8"?>
<!-- Generated by org.testng.reporters.JUnitXMLReporter -->
<testsuite ignored="0" hostname="MT-HTGHR93" failures="0" tests="10" name="Default test" time="264.537" errors="0" timestamp="2021-11-22T15:50:38 IST">
  <testcase classname="com.bigsmall.TestCases.RunnerClass" name="merchen" time="47.15"/>
  <testcase classname="com.bigsmall.TestCases.RunnerClass" name="heading" time="27.584"/>
  <testcase classname="com.bigsmall.TestCases.RunnerClass" name="LoginTest" time="27.158"/>
  <testcase classname="com.bigsmall.TestCases.RunnerClass" name="merchen1" time="31.143"/>
  <testcase classname="com.bigsmall.TestCases.RunnerClass" name="merchen2" time="24.424"/>
  <testcase classname="com.bigsmall.TestCases.RunnerClass" name="merchen4" time="17.148"/>
  <testcase classname="com.bigsmall.TestCases.RunnerClass" name="Statements" time="25.715"/>
  <testcase classname="com.bigsmall.TestCases.RunnerClass" name="LatestProd" time="17.213"/>
  <testcase classname="com.bigsmall.TestCases.RunnerClass" name="AllOfItClick" time="22.787"/>
  <testcase classname="com.bigsmall.TestCases.RunnerClass" name="AboutUsClick" time="24.14"/>
</testsuite> <!-- Default test -->
