<?xml version="1.0" encoding="UTF-8"?>
<testng-results ignored="0" total="10" passed="10" failed="0" skipped="0">
  <reporter-output>
  </reporter-output>
  <suite started-at="2021-11-22T15:46:13 IST" name="Default suite" finished-at="2021-11-22T15:50:38 IST" duration-ms="264537">
    <groups>
    </groups>
    <test started-at="2021-11-22T15:46:13 IST" name="Default test" finished-at="2021-11-22T15:50:38 IST" duration-ms="264537">
      <class name="com.bigsmall.TestCases.RunnerClass">
        <test-method signature="merchen()[pri:1, instance:com.bigsmall.TestCases.RunnerClass@6ee4d9ab]" started-at="2021-11-22T15:46:13 IST" name="merchen" finished-at="2021-11-22T15:47:00 IST" duration-ms="47150" status="PASS">
          <reporter-output>
          </reporter-output>
        </test-method> <!-- merchen -->
        <test-method signature="heading()[pri:2, instance:com.bigsmall.TestCases.RunnerClass@6ee4d9ab]" started-at="2021-11-22T15:47:00 IST" name="heading" finished-at="2021-11-22T15:47:28 IST" duration-ms="27584" status="PASS">
          <reporter-output>
          </reporter-output>
        </test-method> <!-- heading -->
        <test-method signature="LoginTest()[pri:3, instance:com.bigsmall.TestCases.RunnerClass@6ee4d9ab]" started-at="2021-11-22T15:47:28 IST" name="LoginTest" finished-at="2021-11-22T15:47:55 IST" duration-ms="27158" status="PASS">
          <reporter-output>
          </reporter-output>
        </test-method> <!-- LoginTest -->
        <test-method signature="merchen1()[pri:4, instance:com.bigsmall.TestCases.RunnerClass@6ee4d9ab]" started-at="2021-11-22T15:47:55 IST" name="merchen1" finished-at="2021-11-22T15:48:26 IST" duration-ms="31143" status="PASS">
          <reporter-output>
          </reporter-output>
        </test-method> <!-- merchen1 -->
        <test-method signature="merchen2()[pri:5, instance:com.bigsmall.TestCases.RunnerClass@6ee4d9ab]" started-at="2021-11-22T15:48:26 IST" name="merchen2" finished-at="2021-11-22T15:48:51 IST" duration-ms="24424" status="PASS">
          <reporter-output>
          </reporter-output>
        </test-method> <!-- merchen2 -->
        <test-method signature="merchen4()[pri:6, instance:com.bigsmall.TestCases.RunnerClass@6ee4d9ab]" started-at="2021-11-22T15:48:51 IST" name="merchen4" finished-at="2021-11-22T15:49:08 IST" duration-ms="17148" status="PASS">
          <reporter-output>
          </reporter-output>
        </test-method> <!-- merchen4 -->
        <test-method signature="Statements()[pri:7, instance:com.bigsmall.TestCases.RunnerClass@6ee4d9ab]" started-at="2021-11-22T15:49:08 IST" name="Statements" finished-at="2021-11-22T15:49:34 IST" duration-ms="25715" status="PASS">
          <reporter-output>
          </reporter-output>
        </test-method> <!-- Statements -->
        <test-method signature="LatestProd()[pri:8, instance:com.bigsmall.TestCases.RunnerClass@6ee4d9ab]" started-at="2021-11-22T15:49:34 IST" name="LatestProd" finished-at="2021-11-22T15:49:51 IST" duration-ms="17213" status="PASS">
          <reporter-output>
          </reporter-output>
        </test-method> <!-- LatestProd -->
        <test-method signature="AllOfItClick()[pri:9, instance:com.bigsmall.TestCases.RunnerClass@6ee4d9ab]" started-at="2021-11-22T15:49:51 IST" name="AllOfItClick" finished-at="2021-11-22T15:50:14 IST" duration-ms="22787" status="PASS">
          <reporter-output>
          </reporter-output>
        </test-method> <!-- AllOfItClick -->
        <test-method signature="AboutUsClick()[pri:10, instance:com.bigsmall.TestCases.RunnerClass@6ee4d9ab]" started-at="2021-11-22T15:50:14 IST" name="AboutUsClick" finished-at="2021-11-22T15:50:38 IST" duration-ms="24140" status="PASS">
          <reporter-output>
          </reporter-output>
        </test-method> <!-- AboutUsClick -->
      </class> <!-- com.bigsmall.TestCases.RunnerClass -->
    </test> <!-- Default test -->
  </suite> <!-- Default suite -->
</testng-results>
